<?xml version="1.0" encoding="UTF-8"?>
<!-- Generated by org.testng.reporters.JUnitReportReporter -->
<testsuite hostname="DESKTOP-G43AE6T" failures="0" tests="1" name="tests.AccountCreate" time="64.477" errors="0" timestamp="2022-10-09T20:39:24 BDT" skipped="0">
  <testcase classname="tests.AccountCreate" name="createAnAccount" time="64.477"/>
  <system-out/>
</testsuite> <!-- tests.AccountCreate -->
